<?xml version="1.0" encoding="UTF-8"?>
<!-- Generated by org.testng.reporters.JUnitReportReporter -->
<testsuite skipped="0" hostname="DESKTOP-LBN8TGD" name="script.ValidFlightConfirmation" tests="1" failures="0" timestamp="26 May 2020 09:01:30 GMT" time="37.879" errors="0">
  <testcase name="testValidFlightConfirm" time="37.879" classname="script.ValidFlightConfirmation"/>
</testsuite> <!-- script.ValidFlightConfirmation -->
