<?xml version="1.0" encoding="UTF-8"?>
<!-- Generated by org.testng.reporters.JUnitReportReporter -->
<testsuite skipped="0" hostname="DESKTOP-LBN8TGD" name="script.ValidBookFlight" tests="1" failures="0" timestamp="26 May 2020 08:55:21 GMT" time="6.058" errors="0">
  <testcase name="testValidBookFlight" time="6.058" classname="script.ValidBookFlight"/>
</testsuite> <!-- script.ValidBookFlight -->
