<?xml version="1.0" encoding="UTF-8"?>
<!-- Generated by org.testng.reporters.JUnitReportReporter -->
<testsuite skipped="0" hostname="DESKTOP-LBN8TGD" name="script.ValidSelectFlight" tests="1" failures="0" timestamp="26 May 2020 09:01:29 GMT" time="1.707" errors="0">
  <testcase name="testValidSelectFlight" time="1.707" classname="script.ValidSelectFlight"/>
</testsuite> <!-- script.ValidSelectFlight -->
