<?xml version="1.0" encoding="UTF-8"?>
<!-- Generated by org.testng.reporters.JUnitReportReporter -->
<testsuite skipped="0" hostname="DESKTOP-LBN8TGD" name="script.InvalidSignin" tests="1" failures="0" timestamp="26 May 2020 04:27:24 GMT" time="9.742" errors="0">
  <testcase name="testInValidSignin" time="9.742" classname="script.InvalidSignin"/>
</testsuite> <!-- script.InvalidSignin -->
