<?xml version="1.0" encoding="UTF-8"?>
<!-- Generated by org.testng.reporters.JUnitReportReporter -->
<testsuite skipped="0" hostname="DESKTOP-LBN8TGD" name="script.ValidFindFlight" tests="1" failures="0" timestamp="26 May 2020 08:55:21 GMT" time="2.608" errors="0">
  <testcase name="testValidFindFlight" time="2.608" classname="script.ValidFindFlight"/>
</testsuite> <!-- script.ValidFindFlight -->
