<?xml version="1.0" encoding="UTF-8"?>
<!-- Generated by org.testng.reporters.JUnitReportReporter -->
<testsuite skipped="0" hostname="DESKTOP-LBN8TGD" name="script.Demo1" tests="1" failures="0" timestamp="23 May 2020 04:39:02 GMT" time="8.008" errors="0">
  <testcase name="test" time="8.008" classname="script.Demo1"/>
</testsuite> <!-- script.Demo1 -->
