<?xml version="1.0" encoding="UTF-8"?>
<!-- Generated by org.testng.reporters.JUnitReportReporter -->
<testsuite skipped="0" hostname="DESKTOP-LBN8TGD" name="script.ValidRegister" tests="1" failures="0" timestamp="26 May 2020 17:14:01 GMT" time="10.097" errors="0">
  <testcase name="testValidRegister" time="10.097" classname="script.ValidRegister"/>
</testsuite> <!-- script.ValidRegister -->
